2014/07/01 09:53:51 [error] [exception.CException] exception 'CException' with message 'Property "SiteController.clientScript" is not defined.' in C:\xampp\htdocs\webcrm\framework\base\CComponent.php:130
Stack trace:
#0 C:\xampp\htdocs\webcrm\app\protected\views\layouts\main.php(12): CComponent->__get('clientScript')
#1 C:\xampp\htdocs\webcrm\framework\web\CBaseController.php(126): require('C:\\xampp\\htdocs...')
#2 C:\xampp\htdocs\webcrm\framework\web\CBaseController.php(95): CBaseController->renderInternal('C:\\xampp\\htdocs...', Array, true)
#3 C:\xampp\htdocs\webcrm\framework\web\widgets\CContentDecorator.php(76): CBaseController->renderFile('C:\\xampp\\htdocs...', Array, true)
#4 C:\xampp\htdocs\webcrm\framework\web\widgets\CContentDecorator.php(54): CContentDecorator->decorate('<div id="conten...')
#5 C:\xampp\htdocs\webcrm\framework\web\widgets\COutputProcessor.php(44): CContentDecorator->processOutput('<div id="conten...')
#6 C:\xampp\htdocs\webcrm\framework\web\CBaseController.php(206): COutputProcessor->run()
#7 C:\xampp\htdocs\webcrm\framework\web\CBaseController.php(300): CBaseController->endWidget('CContentDecorat...')
#8 C:\xampp\htdocs\webcrm\app\protected\views\layouts\column1.php(6): CBaseController->endContent()
#9 C:\xampp\htdocs\webcrm\framework\web\CBaseController.php(126): require('C:\\xampp\\htdocs...')
#10 C:\xampp\htdocs\webcrm\framework\web\CBaseController.php(95): CBaseController->renderInternal('C:\\xampp\\htdocs...', Array, true)
#11 C:\xampp\htdocs\webcrm\framework\web\CController.php(784): CBaseController->renderFile('C:\\xampp\\htdocs...', Array, true)
#12 C:\xampp\htdocs\webcrm\app\protected\controllers\SiteController.php(32): CController->render('index')
#13 C:\xampp\htdocs\webcrm\framework\web\actions\CInlineAction.php(49): SiteController->actionIndex()
#14 C:\xampp\htdocs\webcrm\framework\web\CController.php(308): CInlineAction->runWithParams(Array)
#15 C:\xampp\htdocs\webcrm\framework\web\CController.php(286): CController->runAction(Object(CInlineAction))
#16 C:\xampp\htdocs\webcrm\framework\web\CController.php(265): CController->runActionWithFilters(Object(CInlineAction), Array)
#17 C:\xampp\htdocs\webcrm\framework\web\CWebApplication.php(282): CController->run('')
#18 C:\xampp\htdocs\webcrm\framework\web\CWebApplication.php(141): CWebApplication->runController('')
#19 C:\xampp\htdocs\webcrm\framework\base\CApplication.php(180): CWebApplication->processRequest()
#20 C:\xampp\htdocs\webcrm\app\index.php(13): CApplication->run()
#21 {main}
REQUEST_URI=/webcrm/app/
HTTP_REFERER=http://localhost/webcrm/
---
2014/07/01 11:45:17 [error] [exception.CHttpException.404] exception 'CHttpException' with message 'The system is unable to find the requested action "index".' in C:\xampp\htdocs\webcrm\framework\web\CController.php:483
Stack trace:
#0 C:\xampp\htdocs\webcrm\framework\web\CController.php(270): CController->missingAction('')
#1 C:\xampp\htdocs\webcrm\framework\web\CWebApplication.php(282): CController->run('')
#2 C:\xampp\htdocs\webcrm\framework\web\CWebApplication.php(141): CWebApplication->runController('')
#3 C:\xampp\htdocs\webcrm\framework\base\CApplication.php(180): CWebApplication->processRequest()
#4 C:\xampp\htdocs\webcrm\app\index.php(13): CApplication->run()
#5 {main}
REQUEST_URI=/webcrm/app/
HTTP_REFERER=http://localhost/webcrm/
---
2014/07/02 06:42:51 [error] [exception.CHttpException.404] exception 'CHttpException' with message 'The system is unable to find the requested action "editGroupCustomer".' in C:\xampp\htdocs\webcrm\framework\web\CController.php:483
Stack trace:
#0 C:\xampp\htdocs\webcrm\framework\web\CController.php(270): CController->missingAction('editGroupCustom...')
#1 C:\xampp\htdocs\webcrm\framework\web\CWebApplication.php(282): CController->run('editGroupCustom...')
#2 C:\xampp\htdocs\webcrm\framework\web\CWebApplication.php(141): CWebApplication->runController('site/editGroupC...')
#3 C:\xampp\htdocs\webcrm\framework\base\CApplication.php(180): CWebApplication->processRequest()
#4 C:\xampp\htdocs\webcrm\app\index.php(13): CApplication->run()
#5 {main}
REQUEST_URI=/webcrm/app/index.php?r=site/editGroupCustomer&id=1
HTTP_REFERER=http://localhost/webcrm/app/
---
2014/07/02 06:42:51 [error] [exception.CHttpException.404] exception 'CHttpException' with message 'The system is unable to find the requested action "editGroupCustomer".' in C:\xampp\htdocs\webcrm\framework\web\CController.php:483
Stack trace:
#0 C:\xampp\htdocs\webcrm\framework\web\CController.php(270): CController->missingAction('editGroupCustom...')
#1 C:\xampp\htdocs\webcrm\framework\web\CWebApplication.php(282): CController->run('editGroupCustom...')
#2 C:\xampp\htdocs\webcrm\framework\web\CWebApplication.php(141): CWebApplication->runController('site/editGroupC...')
#3 C:\xampp\htdocs\webcrm\framework\base\CApplication.php(180): CWebApplication->processRequest()
#4 C:\xampp\htdocs\webcrm\app\index.php(13): CApplication->run()
#5 {main}
REQUEST_URI=/webcrm/app/index.php?r=site/editGroupCustomer&id=2
HTTP_REFERER=http://localhost/webcrm/app/
---
2014/07/02 06:42:51 [error] [exception.CHttpException.404] exception 'CHttpException' with message 'The system is unable to find the requested action "editGroupCustomer".' in C:\xampp\htdocs\webcrm\framework\web\CController.php:483
Stack trace:
#0 C:\xampp\htdocs\webcrm\framework\web\CController.php(270): CController->missingAction('editGroupCustom...')
#1 C:\xampp\htdocs\webcrm\framework\web\CWebApplication.php(282): CController->run('editGroupCustom...')
#2 C:\xampp\htdocs\webcrm\framework\web\CWebApplication.php(141): CWebApplication->runController('site/editGroupC...')
#3 C:\xampp\htdocs\webcrm\framework\base\CApplication.php(180): CWebApplication->processRequest()
#4 C:\xampp\htdocs\webcrm\app\index.php(13): CApplication->run()
#5 {main}
REQUEST_URI=/webcrm/app/index.php?r=site/editGroupCustomer&id=3
HTTP_REFERER=http://localhost/webcrm/app/
---
2014/07/02 06:44:02 [error] [exception.CException] exception 'CException' with message 'GroupCustomer and its behaviors do not have a method or closure named "fineByPk".' in C:\xampp\htdocs\webcrm\framework\base\CComponent.php:266
Stack trace:
#0 C:\xampp\htdocs\webcrm\framework\db\ar\CActiveRecord.php(227): CComponent->__call('fineByPk', Array)
#1 C:\xampp\htdocs\webcrm\app\protected\controllers\SiteController.php(28): CActiveRecord->__call('fineByPk', Array)
#2 C:\xampp\htdocs\webcrm\app\protected\controllers\SiteController.php(28): GroupCustomer->fineByPk('1')
#3 [internal function]: SiteController->actionEditGroupCustomer('1')
#4 C:\xampp\htdocs\webcrm\framework\web\actions\CAction.php(108): ReflectionMethod->invokeArgs(Object(SiteController), Array)
#5 C:\xampp\htdocs\webcrm\framework\web\actions\CInlineAction.php(47): CAction->runWithParamsInternal(Object(SiteController), Object(ReflectionMethod), Array)
#6 C:\xampp\htdocs\webcrm\framework\web\CController.php(308): CInlineAction->runWithParams(Array)
#7 C:\xampp\htdocs\webcrm\framework\web\CController.php(286): CController->runAction(Object(CInlineAction))
#8 C:\xampp\htdocs\webcrm\framework\web\CController.php(265): CController->runActionWithFilters(Object(CInlineAction), Array)
#9 C:\xampp\htdocs\webcrm\framework\web\CWebApplication.php(282): CController->run('editGroupCustom...')
#10 C:\xampp\htdocs\webcrm\framework\web\CWebApplication.php(141): CWebApplication->runController('site/editGroupC...')
#11 C:\xampp\htdocs\webcrm\framework\base\CApplication.php(180): CWebApplication->processRequest()
#12 C:\xampp\htdocs\webcrm\app\index.php(13): CApplication->run()
#13 {main}
REQUEST_URI=/webcrm/app/index.php?r=site/editGroupCustomer&id=1
HTTP_REFERER=http://localhost/webcrm/app/
---
2014/07/02 06:44:03 [error] [exception.CException] exception 'CException' with message 'GroupCustomer and its behaviors do not have a method or closure named "fineByPk".' in C:\xampp\htdocs\webcrm\framework\base\CComponent.php:266
Stack trace:
#0 C:\xampp\htdocs\webcrm\framework\db\ar\CActiveRecord.php(227): CComponent->__call('fineByPk', Array)
#1 C:\xampp\htdocs\webcrm\app\protected\controllers\SiteController.php(28): CActiveRecord->__call('fineByPk', Array)
#2 C:\xampp\htdocs\webcrm\app\protected\controllers\SiteController.php(28): GroupCustomer->fineByPk('1')
#3 [internal function]: SiteController->actionEditGroupCustomer('1')
#4 C:\xampp\htdocs\webcrm\framework\web\actions\CAction.php(108): ReflectionMethod->invokeArgs(Object(SiteController), Array)
#5 C:\xampp\htdocs\webcrm\framework\web\actions\CInlineAction.php(47): CAction->runWithParamsInternal(Object(SiteController), Object(ReflectionMethod), Array)
#6 C:\xampp\htdocs\webcrm\framework\web\CController.php(308): CInlineAction->runWithParams(Array)
#7 C:\xampp\htdocs\webcrm\framework\web\CController.php(286): CController->runAction(Object(CInlineAction))
#8 C:\xampp\htdocs\webcrm\framework\web\CController.php(265): CController->runActionWithFilters(Object(CInlineAction), Array)
#9 C:\xampp\htdocs\webcrm\framework\web\CWebApplication.php(282): CController->run('editGroupCustom...')
#10 C:\xampp\htdocs\webcrm\framework\web\CWebApplication.php(141): CWebApplication->runController('site/editGroupC...')
#11 C:\xampp\htdocs\webcrm\framework\base\CApplication.php(180): CWebApplication->processRequest()
#12 C:\xampp\htdocs\webcrm\app\index.php(13): CApplication->run()
#13 {main}
REQUEST_URI=/webcrm/app/index.php?r=site/editGroupCustomer&id=1
HTTP_REFERER=http://localhost/webcrm/app/
---
2014/07/02 06:44:04 [error] [exception.CException] exception 'CException' with message 'GroupCustomer and its behaviors do not have a method or closure named "fineByPk".' in C:\xampp\htdocs\webcrm\framework\base\CComponent.php:266
Stack trace:
#0 C:\xampp\htdocs\webcrm\framework\db\ar\CActiveRecord.php(227): CComponent->__call('fineByPk', Array)
#1 C:\xampp\htdocs\webcrm\app\protected\controllers\SiteController.php(28): CActiveRecord->__call('fineByPk', Array)
#2 C:\xampp\htdocs\webcrm\app\protected\controllers\SiteController.php(28): GroupCustomer->fineByPk('2')
#3 [internal function]: SiteController->actionEditGroupCustomer('2')
#4 C:\xampp\htdocs\webcrm\framework\web\actions\CAction.php(108): ReflectionMethod->invokeArgs(Object(SiteController), Array)
#5 C:\xampp\htdocs\webcrm\framework\web\actions\CInlineAction.php(47): CAction->runWithParamsInternal(Object(SiteController), Object(ReflectionMethod), Array)
#6 C:\xampp\htdocs\webcrm\framework\web\CController.php(308): CInlineAction->runWithParams(Array)
#7 C:\xampp\htdocs\webcrm\framework\web\CController.php(286): CController->runAction(Object(CInlineAction))
#8 C:\xampp\htdocs\webcrm\framework\web\CController.php(265): CController->runActionWithFilters(Object(CInlineAction), Array)
#9 C:\xampp\htdocs\webcrm\framework\web\CWebApplication.php(282): CController->run('editGroupCustom...')
#10 C:\xampp\htdocs\webcrm\framework\web\CWebApplication.php(141): CWebApplication->runController('site/editGroupC...')
#11 C:\xampp\htdocs\webcrm\framework\base\CApplication.php(180): CWebApplication->processRequest()
#12 C:\xampp\htdocs\webcrm\app\index.php(13): CApplication->run()
#13 {main}
REQUEST_URI=/webcrm/app/index.php?r=site/editGroupCustomer&id=2
HTTP_REFERER=http://localhost/webcrm/app/
---
2014/07/02 06:44:04 [error] [exception.CException] exception 'CException' with message 'GroupCustomer and its behaviors do not have a method or closure named "fineByPk".' in C:\xampp\htdocs\webcrm\framework\base\CComponent.php:266
Stack trace:
#0 C:\xampp\htdocs\webcrm\framework\db\ar\CActiveRecord.php(227): CComponent->__call('fineByPk', Array)
#1 C:\xampp\htdocs\webcrm\app\protected\controllers\SiteController.php(28): CActiveRecord->__call('fineByPk', Array)
#2 C:\xampp\htdocs\webcrm\app\protected\controllers\SiteController.php(28): GroupCustomer->fineByPk('3')
#3 [internal function]: SiteController->actionEditGroupCustomer('3')
#4 C:\xampp\htdocs\webcrm\framework\web\actions\CAction.php(108): ReflectionMethod->invokeArgs(Object(SiteController), Array)
#5 C:\xampp\htdocs\webcrm\framework\web\actions\CInlineAction.php(47): CAction->runWithParamsInternal(Object(SiteController), Object(ReflectionMethod), Array)
#6 C:\xampp\htdocs\webcrm\framework\web\CController.php(308): CInlineAction->runWithParams(Array)
#7 C:\xampp\htdocs\webcrm\framework\web\CController.php(286): CController->runAction(Object(CInlineAction))
#8 C:\xampp\htdocs\webcrm\framework\web\CController.php(265): CController->runActionWithFilters(Object(CInlineAction), Array)
#9 C:\xampp\htdocs\webcrm\framework\web\CWebApplication.php(282): CController->run('editGroupCustom...')
#10 C:\xampp\htdocs\webcrm\framework\web\CWebApplication.php(141): CWebApplication->runController('site/editGroupC...')
#11 C:\xampp\htdocs\webcrm\framework\base\CApplication.php(180): CWebApplication->processRequest()
#12 C:\xampp\htdocs\webcrm\app\index.php(13): CApplication->run()
#13 {main}
REQUEST_URI=/webcrm/app/index.php?r=site/editGroupCustomer&id=3
HTTP_REFERER=http://localhost/webcrm/app/
---
2014/07/02 06:44:05 [error] [exception.CException] exception 'CException' with message 'GroupCustomer and its behaviors do not have a method or closure named "fineByPk".' in C:\xampp\htdocs\webcrm\framework\base\CComponent.php:266
Stack trace:
#0 C:\xampp\htdocs\webcrm\framework\db\ar\CActiveRecord.php(227): CComponent->__call('fineByPk', Array)
#1 C:\xampp\htdocs\webcrm\app\protected\controllers\SiteController.php(28): CActiveRecord->__call('fineByPk', Array)
#2 C:\xampp\htdocs\webcrm\app\protected\controllers\SiteController.php(28): GroupCustomer->fineByPk('2')
#3 [internal function]: SiteController->actionEditGroupCustomer('2')
#4 C:\xampp\htdocs\webcrm\framework\web\actions\CAction.php(108): ReflectionMethod->invokeArgs(Object(SiteController), Array)
#5 C:\xampp\htdocs\webcrm\framework\web\actions\CInlineAction.php(47): CAction->runWithParamsInternal(Object(SiteController), Object(ReflectionMethod), Array)
#6 C:\xampp\htdocs\webcrm\framework\web\CController.php(308): CInlineAction->runWithParams(Array)
#7 C:\xampp\htdocs\webcrm\framework\web\CController.php(286): CController->runAction(Object(CInlineAction))
#8 C:\xampp\htdocs\webcrm\framework\web\CController.php(265): CController->runActionWithFilters(Object(CInlineAction), Array)
#9 C:\xampp\htdocs\webcrm\framework\web\CWebApplication.php(282): CController->run('editGroupCustom...')
#10 C:\xampp\htdocs\webcrm\framework\web\CWebApplication.php(141): CWebApplication->runController('site/editGroupC...')
#11 C:\xampp\htdocs\webcrm\framework\base\CApplication.php(180): CWebApplication->processRequest()
#12 C:\xampp\htdocs\webcrm\app\index.php(13): CApplication->run()
#13 {main}
REQUEST_URI=/webcrm/app/index.php?r=site/editGroupCustomer&id=2
HTTP_REFERER=http://localhost/webcrm/app/
---
2014/07/02 06:44:09 [error] [exception.CException] exception 'CException' with message 'GroupCustomer and its behaviors do not have a method or closure named "fineByPk".' in C:\xampp\htdocs\webcrm\framework\base\CComponent.php:266
Stack trace:
#0 C:\xampp\htdocs\webcrm\framework\db\ar\CActiveRecord.php(227): CComponent->__call('fineByPk', Array)
#1 C:\xampp\htdocs\webcrm\app\protected\controllers\SiteController.php(28): CActiveRecord->__call('fineByPk', Array)
#2 C:\xampp\htdocs\webcrm\app\protected\controllers\SiteController.php(28): GroupCustomer->fineByPk('1')
#3 [internal function]: SiteController->actionEditGroupCustomer('1')
#4 C:\xampp\htdocs\webcrm\framework\web\actions\CAction.php(108): ReflectionMethod->invokeArgs(Object(SiteController), Array)
#5 C:\xampp\htdocs\webcrm\framework\web\actions\CInlineAction.php(47): CAction->runWithParamsInternal(Object(SiteController), Object(ReflectionMethod), Array)
#6 C:\xampp\htdocs\webcrm\framework\web\CController.php(308): CInlineAction->runWithParams(Array)
#7 C:\xampp\htdocs\webcrm\framework\web\CController.php(286): CController->runAction(Object(CInlineAction))
#8 C:\xampp\htdocs\webcrm\framework\web\CController.php(265): CController->runActionWithFilters(Object(CInlineAction), Array)
#9 C:\xampp\htdocs\webcrm\framework\web\CWebApplication.php(282): CController->run('editGroupCustom...')
#10 C:\xampp\htdocs\webcrm\framework\web\CWebApplication.php(141): CWebApplication->runController('site/editGroupC...')
#11 C:\xampp\htdocs\webcrm\framework\base\CApplication.php(180): CWebApplication->processRequest()
#12 C:\xampp\htdocs\webcrm\app\index.php(13): CApplication->run()
#13 {main}
REQUEST_URI=/webcrm/app/index.php?r=site/editGroupCustomer&id=1
HTTP_REFERER=http://localhost/webcrm/app/
---
2014/07/02 06:44:10 [error] [exception.CException] exception 'CException' with message 'GroupCustomer and its behaviors do not have a method or closure named "fineByPk".' in C:\xampp\htdocs\webcrm\framework\base\CComponent.php:266
Stack trace:
#0 C:\xampp\htdocs\webcrm\framework\db\ar\CActiveRecord.php(227): CComponent->__call('fineByPk', Array)
#1 C:\xampp\htdocs\webcrm\app\protected\controllers\SiteController.php(28): CActiveRecord->__call('fineByPk', Array)
#2 C:\xampp\htdocs\webcrm\app\protected\controllers\SiteController.php(28): GroupCustomer->fineByPk('2')
#3 [internal function]: SiteController->actionEditGroupCustomer('2')
#4 C:\xampp\htdocs\webcrm\framework\web\actions\CAction.php(108): ReflectionMethod->invokeArgs(Object(SiteController), Array)
#5 C:\xampp\htdocs\webcrm\framework\web\actions\CInlineAction.php(47): CAction->runWithParamsInternal(Object(SiteController), Object(ReflectionMethod), Array)
#6 C:\xampp\htdocs\webcrm\framework\web\CController.php(308): CInlineAction->runWithParams(Array)
#7 C:\xampp\htdocs\webcrm\framework\web\CController.php(286): CController->runAction(Object(CInlineAction))
#8 C:\xampp\htdocs\webcrm\framework\web\CController.php(265): CController->runActionWithFilters(Object(CInlineAction), Array)
#9 C:\xampp\htdocs\webcrm\framework\web\CWebApplication.php(282): CController->run('editGroupCustom...')
#10 C:\xampp\htdocs\webcrm\framework\web\CWebApplication.php(141): CWebApplication->runController('site/editGroupC...')
#11 C:\xampp\htdocs\webcrm\framework\base\CApplication.php(180): CWebApplication->processRequest()
#12 C:\xampp\htdocs\webcrm\app\index.php(13): CApplication->run()
#13 {main}
REQUEST_URI=/webcrm/app/index.php?r=site/editGroupCustomer&id=2
HTTP_REFERER=http://localhost/webcrm/app/
---
2014/07/02 06:44:10 [error] [exception.CException] exception 'CException' with message 'GroupCustomer and its behaviors do not have a method or closure named "fineByPk".' in C:\xampp\htdocs\webcrm\framework\base\CComponent.php:266
Stack trace:
#0 C:\xampp\htdocs\webcrm\framework\db\ar\CActiveRecord.php(227): CComponent->__call('fineByPk', Array)
#1 C:\xampp\htdocs\webcrm\app\protected\controllers\SiteController.php(28): CActiveRecord->__call('fineByPk', Array)
#2 C:\xampp\htdocs\webcrm\app\protected\controllers\SiteController.php(28): GroupCustomer->fineByPk('3')
#3 [internal function]: SiteController->actionEditGroupCustomer('3')
#4 C:\xampp\htdocs\webcrm\framework\web\actions\CAction.php(108): ReflectionMethod->invokeArgs(Object(SiteController), Array)
#5 C:\xampp\htdocs\webcrm\framework\web\actions\CInlineAction.php(47): CAction->runWithParamsInternal(Object(SiteController), Object(ReflectionMethod), Array)
#6 C:\xampp\htdocs\webcrm\framework\web\CController.php(308): CInlineAction->runWithParams(Array)
#7 C:\xampp\htdocs\webcrm\framework\web\CController.php(286): CController->runAction(Object(CInlineAction))
#8 C:\xampp\htdocs\webcrm\framework\web\CController.php(265): CController->runActionWithFilters(Object(CInlineAction), Array)
#9 C:\xampp\htdocs\webcrm\framework\web\CWebApplication.php(282): CController->run('editGroupCustom...')
#10 C:\xampp\htdocs\webcrm\framework\web\CWebApplication.php(141): CWebApplication->runController('site/editGroupC...')
#11 C:\xampp\htdocs\webcrm\framework\base\CApplication.php(180): CWebApplication->processRequest()
#12 C:\xampp\htdocs\webcrm\app\index.php(13): CApplication->run()
#13 {main}
REQUEST_URI=/webcrm/app/index.php?r=site/editGroupCustomer&id=3
HTTP_REFERER=http://localhost/webcrm/app/
---
2014/07/02 06:46:31 [error] [exception.CException] exception 'CException' with message 'GroupCustomer and its behaviors do not have a method or closure named "fineByPk".' in C:\xampp\htdocs\webcrm\framework\base\CComponent.php:266
Stack trace:
#0 C:\xampp\htdocs\webcrm\framework\db\ar\CActiveRecord.php(227): CComponent->__call('fineByPk', Array)
#1 C:\xampp\htdocs\webcrm\app\protected\controllers\SiteController.php(28): CActiveRecord->__call('fineByPk', Array)
#2 C:\xampp\htdocs\webcrm\app\protected\controllers\SiteController.php(28): GroupCustomer->fineByPk('1')
#3 [internal function]: SiteController->actionEditGroupCustomer('1')
#4 C:\xampp\htdocs\webcrm\framework\web\actions\CAction.php(108): ReflectionMethod->invokeArgs(Object(SiteController), Array)
#5 C:\xampp\htdocs\webcrm\framework\web\actions\CInlineAction.php(47): CAction->runWithParamsInternal(Object(SiteController), Object(ReflectionMethod), Array)
#6 C:\xampp\htdocs\webcrm\framework\web\CController.php(308): CInlineAction->runWithParams(Array)
#7 C:\xampp\htdocs\webcrm\framework\web\CController.php(286): CController->runAction(Object(CInlineAction))
#8 C:\xampp\htdocs\webcrm\framework\web\CController.php(265): CController->runActionWithFilters(Object(CInlineAction), Array)
#9 C:\xampp\htdocs\webcrm\framework\web\CWebApplication.php(282): CController->run('editGroupCustom...')
#10 C:\xampp\htdocs\webcrm\framework\web\CWebApplication.php(141): CWebApplication->runController('site/editGroupC...')
#11 C:\xampp\htdocs\webcrm\framework\base\CApplication.php(180): CWebApplication->processRequest()
#12 C:\xampp\htdocs\webcrm\app\index.php(13): CApplication->run()
#13 {main}
REQUEST_URI=/webcrm/app/index.php?r=site/editGroupCustomer&id=1
HTTP_REFERER=http://localhost/webcrm/app/
---
2014/07/02 06:46:32 [error] [exception.CException] exception 'CException' with message 'GroupCustomer and its behaviors do not have a method or closure named "fineByPk".' in C:\xampp\htdocs\webcrm\framework\base\CComponent.php:266
Stack trace:
#0 C:\xampp\htdocs\webcrm\framework\db\ar\CActiveRecord.php(227): CComponent->__call('fineByPk', Array)
#1 C:\xampp\htdocs\webcrm\app\protected\controllers\SiteController.php(28): CActiveRecord->__call('fineByPk', Array)
#2 C:\xampp\htdocs\webcrm\app\protected\controllers\SiteController.php(28): GroupCustomer->fineByPk('2')
#3 [internal function]: SiteController->actionEditGroupCustomer('2')
#4 C:\xampp\htdocs\webcrm\framework\web\actions\CAction.php(108): ReflectionMethod->invokeArgs(Object(SiteController), Array)
#5 C:\xampp\htdocs\webcrm\framework\web\actions\CInlineAction.php(47): CAction->runWithParamsInternal(Object(SiteController), Object(ReflectionMethod), Array)
#6 C:\xampp\htdocs\webcrm\framework\web\CController.php(308): CInlineAction->runWithParams(Array)
#7 C:\xampp\htdocs\webcrm\framework\web\CController.php(286): CController->runAction(Object(CInlineAction))
#8 C:\xampp\htdocs\webcrm\framework\web\CController.php(265): CController->runActionWithFilters(Object(CInlineAction), Array)
#9 C:\xampp\htdocs\webcrm\framework\web\CWebApplication.php(282): CController->run('editGroupCustom...')
#10 C:\xampp\htdocs\webcrm\framework\web\CWebApplication.php(141): CWebApplication->runController('site/editGroupC...')
#11 C:\xampp\htdocs\webcrm\framework\base\CApplication.php(180): CWebApplication->processRequest()
#12 C:\xampp\htdocs\webcrm\app\index.php(13): CApplication->run()
#13 {main}
REQUEST_URI=/webcrm/app/index.php?r=site/editGroupCustomer&id=2
HTTP_REFERER=http://localhost/webcrm/app/
---
2014/07/02 06:46:32 [error] [exception.CException] exception 'CException' with message 'GroupCustomer and its behaviors do not have a method or closure named "fineByPk".' in C:\xampp\htdocs\webcrm\framework\base\CComponent.php:266
Stack trace:
#0 C:\xampp\htdocs\webcrm\framework\db\ar\CActiveRecord.php(227): CComponent->__call('fineByPk', Array)
#1 C:\xampp\htdocs\webcrm\app\protected\controllers\SiteController.php(28): CActiveRecord->__call('fineByPk', Array)
#2 C:\xampp\htdocs\webcrm\app\protected\controllers\SiteController.php(28): GroupCustomer->fineByPk('3')
#3 [internal function]: SiteController->actionEditGroupCustomer('3')
#4 C:\xampp\htdocs\webcrm\framework\web\actions\CAction.php(108): ReflectionMethod->invokeArgs(Object(SiteController), Array)
#5 C:\xampp\htdocs\webcrm\framework\web\actions\CInlineAction.php(47): CAction->runWithParamsInternal(Object(SiteController), Object(ReflectionMethod), Array)
#6 C:\xampp\htdocs\webcrm\framework\web\CController.php(308): CInlineAction->runWithParams(Array)
#7 C:\xampp\htdocs\webcrm\framework\web\CController.php(286): CController->runAction(Object(CInlineAction))
#8 C:\xampp\htdocs\webcrm\framework\web\CController.php(265): CController->runActionWithFilters(Object(CInlineAction), Array)
#9 C:\xampp\htdocs\webcrm\framework\web\CWebApplication.php(282): CController->run('editGroupCustom...')
#10 C:\xampp\htdocs\webcrm\framework\web\CWebApplication.php(141): CWebApplication->runController('site/editGroupC...')
#11 C:\xampp\htdocs\webcrm\framework\base\CApplication.php(180): CWebApplication->processRequest()
#12 C:\xampp\htdocs\webcrm\app\index.php(13): CApplication->run()
#13 {main}
REQUEST_URI=/webcrm/app/index.php?r=site/editGroupCustomer&id=3
HTTP_REFERER=http://localhost/webcrm/app/
---
2014/07/02 06:48:50 [error] [exception.CException] exception 'CException' with message 'GroupCustomer and its behaviors do not have a method or closure named "fineByPk".' in C:\xampp\htdocs\webcrm\framework\base\CComponent.php:266
Stack trace:
#0 C:\xampp\htdocs\webcrm\framework\db\ar\CActiveRecord.php(227): CComponent->__call('fineByPk', Array)
#1 C:\xampp\htdocs\webcrm\app\protected\controllers\SiteController.php(28): CActiveRecord->__call('fineByPk', Array)
#2 C:\xampp\htdocs\webcrm\app\protected\controllers\SiteController.php(28): GroupCustomer->fineByPk('1')
#3 [internal function]: SiteController->actionEditGroupCustomer('1')
#4 C:\xampp\htdocs\webcrm\framework\web\actions\CAction.php(108): ReflectionMethod->invokeArgs(Object(SiteController), Array)
#5 C:\xampp\htdocs\webcrm\framework\web\actions\CInlineAction.php(47): CAction->runWithParamsInternal(Object(SiteController), Object(ReflectionMethod), Array)
#6 C:\xampp\htdocs\webcrm\framework\web\CController.php(308): CInlineAction->runWithParams(Array)
#7 C:\xampp\htdocs\webcrm\framework\web\CController.php(286): CController->runAction(Object(CInlineAction))
#8 C:\xampp\htdocs\webcrm\framework\web\CController.php(265): CController->runActionWithFilters(Object(CInlineAction), Array)
#9 C:\xampp\htdocs\webcrm\framework\web\CWebApplication.php(282): CController->run('editGroupCustom...')
#10 C:\xampp\htdocs\webcrm\framework\web\CWebApplication.php(141): CWebApplication->runController('Site/editGroupC...')
#11 C:\xampp\htdocs\webcrm\framework\base\CApplication.php(180): CWebApplication->processRequest()
#12 C:\xampp\htdocs\webcrm\app\index.php(13): CApplication->run()
#13 {main}
REQUEST_URI=/webcrm/app/index.php?r=Site/editGroupCustomer&id=1
HTTP_REFERER=http://localhost/webcrm/app/
---
2014/07/02 06:48:51 [error] [exception.CException] exception 'CException' with message 'GroupCustomer and its behaviors do not have a method or closure named "fineByPk".' in C:\xampp\htdocs\webcrm\framework\base\CComponent.php:266
Stack trace:
#0 C:\xampp\htdocs\webcrm\framework\db\ar\CActiveRecord.php(227): CComponent->__call('fineByPk', Array)
#1 C:\xampp\htdocs\webcrm\app\protected\controllers\SiteController.php(28): CActiveRecord->__call('fineByPk', Array)
#2 C:\xampp\htdocs\webcrm\app\protected\controllers\SiteController.php(28): GroupCustomer->fineByPk('2')
#3 [internal function]: SiteController->actionEditGroupCustomer('2')
#4 C:\xampp\htdocs\webcrm\framework\web\actions\CAction.php(108): ReflectionMethod->invokeArgs(Object(SiteController), Array)
#5 C:\xampp\htdocs\webcrm\framework\web\actions\CInlineAction.php(47): CAction->runWithParamsInternal(Object(SiteController), Object(ReflectionMethod), Array)
#6 C:\xampp\htdocs\webcrm\framework\web\CController.php(308): CInlineAction->runWithParams(Array)
#7 C:\xampp\htdocs\webcrm\framework\web\CController.php(286): CController->runAction(Object(CInlineAction))
#8 C:\xampp\htdocs\webcrm\framework\web\CController.php(265): CController->runActionWithFilters(Object(CInlineAction), Array)
#9 C:\xampp\htdocs\webcrm\framework\web\CWebApplication.php(282): CController->run('editGroupCustom...')
#10 C:\xampp\htdocs\webcrm\framework\web\CWebApplication.php(141): CWebApplication->runController('Site/editGroupC...')
#11 C:\xampp\htdocs\webcrm\framework\base\CApplication.php(180): CWebApplication->processRequest()
#12 C:\xampp\htdocs\webcrm\app\index.php(13): CApplication->run()
#13 {main}
REQUEST_URI=/webcrm/app/index.php?r=Site/editGroupCustomer&id=2
HTTP_REFERER=http://localhost/webcrm/app/
---
2014/07/02 06:48:51 [error] [exception.CException] exception 'CException' with message 'GroupCustomer and its behaviors do not have a method or closure named "fineByPk".' in C:\xampp\htdocs\webcrm\framework\base\CComponent.php:266
Stack trace:
#0 C:\xampp\htdocs\webcrm\framework\db\ar\CActiveRecord.php(227): CComponent->__call('fineByPk', Array)
#1 C:\xampp\htdocs\webcrm\app\protected\controllers\SiteController.php(28): CActiveRecord->__call('fineByPk', Array)
#2 C:\xampp\htdocs\webcrm\app\protected\controllers\SiteController.php(28): GroupCustomer->fineByPk('3')
#3 [internal function]: SiteController->actionEditGroupCustomer('3')
#4 C:\xampp\htdocs\webcrm\framework\web\actions\CAction.php(108): ReflectionMethod->invokeArgs(Object(SiteController), Array)
#5 C:\xampp\htdocs\webcrm\framework\web\actions\CInlineAction.php(47): CAction->runWithParamsInternal(Object(SiteController), Object(ReflectionMethod), Array)
#6 C:\xampp\htdocs\webcrm\framework\web\CController.php(308): CInlineAction->runWithParams(Array)
#7 C:\xampp\htdocs\webcrm\framework\web\CController.php(286): CController->runAction(Object(CInlineAction))
#8 C:\xampp\htdocs\webcrm\framework\web\CController.php(265): CController->runActionWithFilters(Object(CInlineAction), Array)
#9 C:\xampp\htdocs\webcrm\framework\web\CWebApplication.php(282): CController->run('editGroupCustom...')
#10 C:\xampp\htdocs\webcrm\framework\web\CWebApplication.php(141): CWebApplication->runController('Site/editGroupC...')
#11 C:\xampp\htdocs\webcrm\framework\base\CApplication.php(180): CWebApplication->processRequest()
#12 C:\xampp\htdocs\webcrm\app\index.php(13): CApplication->run()
#13 {main}
REQUEST_URI=/webcrm/app/index.php?r=Site/editGroupCustomer&id=3
HTTP_REFERER=http://localhost/webcrm/app/
---
2014/07/02 06:51:02 [error] [exception.CException] exception 'CException' with message 'GroupCustomer and its behaviors do not have a method or closure named "fineByPk".' in C:\xampp\htdocs\webcrm\framework\base\CComponent.php:266
Stack trace:
#0 C:\xampp\htdocs\webcrm\framework\db\ar\CActiveRecord.php(227): CComponent->__call('fineByPk', Array)
#1 C:\xampp\htdocs\webcrm\app\protected\controllers\SiteController.php(28): CActiveRecord->__call('fineByPk', Array)
#2 C:\xampp\htdocs\webcrm\app\protected\controllers\SiteController.php(28): GroupCustomer->fineByPk('1')
#3 [internal function]: SiteController->actionEditGroupCustomer('1')
#4 C:\xampp\htdocs\webcrm\framework\web\actions\CAction.php(108): ReflectionMethod->invokeArgs(Object(SiteController), Array)
#5 C:\xampp\htdocs\webcrm\framework\web\actions\CInlineAction.php(47): CAction->runWithParamsInternal(Object(SiteController), Object(ReflectionMethod), Array)
#6 C:\xampp\htdocs\webcrm\framework\web\CController.php(308): CInlineAction->runWithParams(Array)
#7 C:\xampp\htdocs\webcrm\framework\web\CController.php(286): CController->runAction(Object(CInlineAction))
#8 C:\xampp\htdocs\webcrm\framework\web\CController.php(265): CController->runActionWithFilters(Object(CInlineAction), Array)
#9 C:\xampp\htdocs\webcrm\framework\web\CWebApplication.php(282): CController->run('editGroupCustom...')
#10 C:\xampp\htdocs\webcrm\framework\web\CWebApplication.php(141): CWebApplication->runController('site/editGroupC...')
#11 C:\xampp\htdocs\webcrm\framework\base\CApplication.php(180): CWebApplication->processRequest()
#12 C:\xampp\htdocs\webcrm\app\index.php(13): CApplication->run()
#13 {main}
REQUEST_URI=/webcrm/app/index.php?r=site/editGroupCustomer&id=1
HTTP_REFERER=http://localhost/webcrm/app/
---
2014/07/02 06:51:22 [error] [exception.CException] exception 'CException' with message 'GroupCustomer and its behaviors do not have a method or closure named "fineByPk".' in C:\xampp\htdocs\webcrm\framework\base\CComponent.php:266
Stack trace:
#0 C:\xampp\htdocs\webcrm\framework\db\ar\CActiveRecord.php(227): CComponent->__call('fineByPk', Array)
#1 C:\xampp\htdocs\webcrm\app\protected\controllers\SiteController.php(28): CActiveRecord->__call('fineByPk', Array)
#2 C:\xampp\htdocs\webcrm\app\protected\controllers\SiteController.php(28): GroupCustomer->fineByPk('1')
#3 [internal function]: SiteController->actionEditGroupCustomer('1')
#4 C:\xampp\htdocs\webcrm\framework\web\actions\CAction.php(108): ReflectionMethod->invokeArgs(Object(SiteController), Array)
#5 C:\xampp\htdocs\webcrm\framework\web\actions\CInlineAction.php(47): CAction->runWithParamsInternal(Object(SiteController), Object(ReflectionMethod), Array)
#6 C:\xampp\htdocs\webcrm\framework\web\CController.php(308): CInlineAction->runWithParams(Array)
#7 C:\xampp\htdocs\webcrm\framework\web\CController.php(286): CController->runAction(Object(CInlineAction))
#8 C:\xampp\htdocs\webcrm\framework\web\CController.php(265): CController->runActionWithFilters(Object(CInlineAction), Array)
#9 C:\xampp\htdocs\webcrm\framework\web\CWebApplication.php(282): CController->run('editGroupCustom...')
#10 C:\xampp\htdocs\webcrm\framework\web\CWebApplication.php(141): CWebApplication->runController('site/editGroupC...')
#11 C:\xampp\htdocs\webcrm\framework\base\CApplication.php(180): CWebApplication->processRequest()
#12 C:\xampp\htdocs\webcrm\app\index.php(13): CApplication->run()
#13 {main}
REQUEST_URI=/webcrm/app/index.php?r=site/editGroupCustomer&id=1
HTTP_REFERER=http://localhost/webcrm/app/
---
2014/07/02 06:51:23 [error] [exception.CException] exception 'CException' with message 'GroupCustomer and its behaviors do not have a method or closure named "fineByPk".' in C:\xampp\htdocs\webcrm\framework\base\CComponent.php:266
Stack trace:
#0 C:\xampp\htdocs\webcrm\framework\db\ar\CActiveRecord.php(227): CComponent->__call('fineByPk', Array)
#1 C:\xampp\htdocs\webcrm\app\protected\controllers\SiteController.php(28): CActiveRecord->__call('fineByPk', Array)
#2 C:\xampp\htdocs\webcrm\app\protected\controllers\SiteController.php(28): GroupCustomer->fineByPk('1')
#3 [internal function]: SiteController->actionEditGroupCustomer('1')
#4 C:\xampp\htdocs\webcrm\framework\web\actions\CAction.php(108): ReflectionMethod->invokeArgs(Object(SiteController), Array)
#5 C:\xampp\htdocs\webcrm\framework\web\actions\CInlineAction.php(47): CAction->runWithParamsInternal(Object(SiteController), Object(ReflectionMethod), Array)
#6 C:\xampp\htdocs\webcrm\framework\web\CController.php(308): CInlineAction->runWithParams(Array)
#7 C:\xampp\htdocs\webcrm\framework\web\CController.php(286): CController->runAction(Object(CInlineAction))
#8 C:\xampp\htdocs\webcrm\framework\web\CController.php(265): CController->runActionWithFilters(Object(CInlineAction), Array)
#9 C:\xampp\htdocs\webcrm\framework\web\CWebApplication.php(282): CController->run('editGroupCustom...')
#10 C:\xampp\htdocs\webcrm\framework\web\CWebApplication.php(141): CWebApplication->runController('site/editGroupC...')
#11 C:\xampp\htdocs\webcrm\framework\base\CApplication.php(180): CWebApplication->processRequest()
#12 C:\xampp\htdocs\webcrm\app\index.php(13): CApplication->run()
#13 {main}
REQUEST_URI=/webcrm/app/index.php?r=site/editGroupCustomer&id=1
HTTP_REFERER=http://localhost/webcrm/app/
---
2014/07/02 06:51:23 [error] [exception.CException] exception 'CException' with message 'GroupCustomer and its behaviors do not have a method or closure named "fineByPk".' in C:\xampp\htdocs\webcrm\framework\base\CComponent.php:266
Stack trace:
#0 C:\xampp\htdocs\webcrm\framework\db\ar\CActiveRecord.php(227): CComponent->__call('fineByPk', Array)
#1 C:\xampp\htdocs\webcrm\app\protected\controllers\SiteController.php(28): CActiveRecord->__call('fineByPk', Array)
#2 C:\xampp\htdocs\webcrm\app\protected\controllers\SiteController.php(28): GroupCustomer->fineByPk('1')
#3 [internal function]: SiteController->actionEditGroupCustomer('1')
#4 C:\xampp\htdocs\webcrm\framework\web\actions\CAction.php(108): ReflectionMethod->invokeArgs(Object(SiteController), Array)
#5 C:\xampp\htdocs\webcrm\framework\web\actions\CInlineAction.php(47): CAction->runWithParamsInternal(Object(SiteController), Object(ReflectionMethod), Array)
#6 C:\xampp\htdocs\webcrm\framework\web\CController.php(308): CInlineAction->runWithParams(Array)
#7 C:\xampp\htdocs\webcrm\framework\web\CController.php(286): CController->runAction(Object(CInlineAction))
#8 C:\xampp\htdocs\webcrm\framework\web\CController.php(265): CController->runActionWithFilters(Object(CInlineAction), Array)
#9 C:\xampp\htdocs\webcrm\framework\web\CWebApplication.php(282): CController->run('editGroupCustom...')
#10 C:\xampp\htdocs\webcrm\framework\web\CWebApplication.php(141): CWebApplication->runController('site/editGroupC...')
#11 C:\xampp\htdocs\webcrm\framework\base\CApplication.php(180): CWebApplication->processRequest()
#12 C:\xampp\htdocs\webcrm\app\index.php(13): CApplication->run()
#13 {main}
REQUEST_URI=/webcrm/app/index.php?r=site/editGroupCustomer&id=1
HTTP_REFERER=http://localhost/webcrm/app/
---
2014/07/02 06:51:23 [error] [exception.CException] exception 'CException' with message 'GroupCustomer and its behaviors do not have a method or closure named "fineByPk".' in C:\xampp\htdocs\webcrm\framework\base\CComponent.php:266
Stack trace:
#0 C:\xampp\htdocs\webcrm\framework\db\ar\CActiveRecord.php(227): CComponent->__call('fineByPk', Array)
#1 C:\xampp\htdocs\webcrm\app\protected\controllers\SiteController.php(28): CActiveRecord->__call('fineByPk', Array)
#2 C:\xampp\htdocs\webcrm\app\protected\controllers\SiteController.php(28): GroupCustomer->fineByPk('1')
#3 [internal function]: SiteController->actionEditGroupCustomer('1')
#4 C:\xampp\htdocs\webcrm\framework\web\actions\CAction.php(108): ReflectionMethod->invokeArgs(Object(SiteController), Array)
#5 C:\xampp\htdocs\webcrm\framework\web\actions\CInlineAction.php(47): CAction->runWithParamsInternal(Object(SiteController), Object(ReflectionMethod), Array)
#6 C:\xampp\htdocs\webcrm\framework\web\CController.php(308): CInlineAction->runWithParams(Array)
#7 C:\xampp\htdocs\webcrm\framework\web\CController.php(286): CController->runAction(Object(CInlineAction))
#8 C:\xampp\htdocs\webcrm\framework\web\CController.php(265): CController->runActionWithFilters(Object(CInlineAction), Array)
#9 C:\xampp\htdocs\webcrm\framework\web\CWebApplication.php(282): CController->run('editGroupCustom...')
#10 C:\xampp\htdocs\webcrm\framework\web\CWebApplication.php(141): CWebApplication->runController('site/editGroupC...')
#11 C:\xampp\htdocs\webcrm\framework\base\CApplication.php(180): CWebApplication->processRequest()
#12 C:\xampp\htdocs\webcrm\app\index.php(13): CApplication->run()
#13 {main}
REQUEST_URI=/webcrm/app/index.php?r=site/editGroupCustomer&id=1
HTTP_REFERER=http://localhost/webcrm/app/
---
2014/07/02 06:51:23 [error] [exception.CException] exception 'CException' with message 'GroupCustomer and its behaviors do not have a method or closure named "fineByPk".' in C:\xampp\htdocs\webcrm\framework\base\CComponent.php:266
Stack trace:
#0 C:\xampp\htdocs\webcrm\framework\db\ar\CActiveRecord.php(227): CComponent->__call('fineByPk', Array)
#1 C:\xampp\htdocs\webcrm\app\protected\controllers\SiteController.php(28): CActiveRecord->__call('fineByPk', Array)
#2 C:\xampp\htdocs\webcrm\app\protected\controllers\SiteController.php(28): GroupCustomer->fineByPk('2')
#3 [internal function]: SiteController->actionEditGroupCustomer('2')
#4 C:\xampp\htdocs\webcrm\framework\web\actions\CAction.php(108): ReflectionMethod->invokeArgs(Object(SiteController), Array)
#5 C:\xampp\htdocs\webcrm\framework\web\actions\CInlineAction.php(47): CAction->runWithParamsInternal(Object(SiteController), Object(ReflectionMethod), Array)
#6 C:\xampp\htdocs\webcrm\framework\web\CController.php(308): CInlineAction->runWithParams(Array)
#7 C:\xampp\htdocs\webcrm\framework\web\CController.php(286): CController->runAction(Object(CInlineAction))
#8 C:\xampp\htdocs\webcrm\framework\web\CController.php(265): CController->runActionWithFilters(Object(CInlineAction), Array)
#9 C:\xampp\htdocs\webcrm\framework\web\CWebApplication.php(282): CController->run('editGroupCustom...')
#10 C:\xampp\htdocs\webcrm\framework\web\CWebApplication.php(141): CWebApplication->runController('site/editGroupC...')
#11 C:\xampp\htdocs\webcrm\framework\base\CApplication.php(180): CWebApplication->processRequest()
#12 C:\xampp\htdocs\webcrm\app\index.php(13): CApplication->run()
#13 {main}
REQUEST_URI=/webcrm/app/index.php?r=site/editGroupCustomer&id=2
HTTP_REFERER=http://localhost/webcrm/app/
---
2014/07/02 06:51:23 [error] [exception.CException] exception 'CException' with message 'GroupCustomer and its behaviors do not have a method or closure named "fineByPk".' in C:\xampp\htdocs\webcrm\framework\base\CComponent.php:266
Stack trace:
#0 C:\xampp\htdocs\webcrm\framework\db\ar\CActiveRecord.php(227): CComponent->__call('fineByPk', Array)
#1 C:\xampp\htdocs\webcrm\app\protected\controllers\SiteController.php(28): CActiveRecord->__call('fineByPk', Array)
#2 C:\xampp\htdocs\webcrm\app\protected\controllers\SiteController.php(28): GroupCustomer->fineByPk('3')
#3 [internal function]: SiteController->actionEditGroupCustomer('3')
#4 C:\xampp\htdocs\webcrm\framework\web\actions\CAction.php(108): ReflectionMethod->invokeArgs(Object(SiteController), Array)
#5 C:\xampp\htdocs\webcrm\framework\web\actions\CInlineAction.php(47): CAction->runWithParamsInternal(Object(SiteController), Object(ReflectionMethod), Array)
#6 C:\xampp\htdocs\webcrm\framework\web\CController.php(308): CInlineAction->runWithParams(Array)
#7 C:\xampp\htdocs\webcrm\framework\web\CController.php(286): CController->runAction(Object(CInlineAction))
#8 C:\xampp\htdocs\webcrm\framework\web\CController.php(265): CController->runActionWithFilters(Object(CInlineAction), Array)
#9 C:\xampp\htdocs\webcrm\framework\web\CWebApplication.php(282): CController->run('editGroupCustom...')
#10 C:\xampp\htdocs\webcrm\framework\web\CWebApplication.php(141): CWebApplication->runController('site/editGroupC...')
#11 C:\xampp\htdocs\webcrm\framework\base\CApplication.php(180): CWebApplication->processRequest()
#12 C:\xampp\htdocs\webcrm\app\index.php(13): CApplication->run()
#13 {main}
REQUEST_URI=/webcrm/app/index.php?r=site/editGroupCustomer&id=3
HTTP_REFERER=http://localhost/webcrm/app/
---
2014/07/02 06:51:24 [error] [exception.CException] exception 'CException' with message 'GroupCustomer and its behaviors do not have a method or closure named "fineByPk".' in C:\xampp\htdocs\webcrm\framework\base\CComponent.php:266
Stack trace:
#0 C:\xampp\htdocs\webcrm\framework\db\ar\CActiveRecord.php(227): CComponent->__call('fineByPk', Array)
#1 C:\xampp\htdocs\webcrm\app\protected\controllers\SiteController.php(28): CActiveRecord->__call('fineByPk', Array)
#2 C:\xampp\htdocs\webcrm\app\protected\controllers\SiteController.php(28): GroupCustomer->fineByPk('2')
#3 [internal function]: SiteController->actionEditGroupCustomer('2')
#4 C:\xampp\htdocs\webcrm\framework\web\actions\CAction.php(108): ReflectionMethod->invokeArgs(Object(SiteController), Array)
#5 C:\xampp\htdocs\webcrm\framework\web\actions\CInlineAction.php(47): CAction->runWithParamsInternal(Object(SiteController), Object(ReflectionMethod), Array)
#6 C:\xampp\htdocs\webcrm\framework\web\CController.php(308): CInlineAction->runWithParams(Array)
#7 C:\xampp\htdocs\webcrm\framework\web\CController.php(286): CController->runAction(Object(CInlineAction))
#8 C:\xampp\htdocs\webcrm\framework\web\CController.php(265): CController->runActionWithFilters(Object(CInlineAction), Array)
#9 C:\xampp\htdocs\webcrm\framework\web\CWebApplication.php(282): CController->run('editGroupCustom...')
#10 C:\xampp\htdocs\webcrm\framework\web\CWebApplication.php(141): CWebApplication->runController('site/editGroupC...')
#11 C:\xampp\htdocs\webcrm\framework\base\CApplication.php(180): CWebApplication->processRequest()
#12 C:\xampp\htdocs\webcrm\app\index.php(13): CApplication->run()
#13 {main}
REQUEST_URI=/webcrm/app/index.php?r=site/editGroupCustomer&id=2
HTTP_REFERER=http://localhost/webcrm/app/
---
2014/07/02 06:51:24 [error] [exception.CException] exception 'CException' with message 'GroupCustomer and its behaviors do not have a method or closure named "fineByPk".' in C:\xampp\htdocs\webcrm\framework\base\CComponent.php:266
Stack trace:
#0 C:\xampp\htdocs\webcrm\framework\db\ar\CActiveRecord.php(227): CComponent->__call('fineByPk', Array)
#1 C:\xampp\htdocs\webcrm\app\protected\controllers\SiteController.php(28): CActiveRecord->__call('fineByPk', Array)
#2 C:\xampp\htdocs\webcrm\app\protected\controllers\SiteController.php(28): GroupCustomer->fineByPk('1')
#3 [internal function]: SiteController->actionEditGroupCustomer('1')
#4 C:\xampp\htdocs\webcrm\framework\web\actions\CAction.php(108): ReflectionMethod->invokeArgs(Object(SiteController), Array)
#5 C:\xampp\htdocs\webcrm\framework\web\actions\CInlineAction.php(47): CAction->runWithParamsInternal(Object(SiteController), Object(ReflectionMethod), Array)
#6 C:\xampp\htdocs\webcrm\framework\web\CController.php(308): CInlineAction->runWithParams(Array)
#7 C:\xampp\htdocs\webcrm\framework\web\CController.php(286): CController->runAction(Object(CInlineAction))
#8 C:\xampp\htdocs\webcrm\framework\web\CController.php(265): CController->runActionWithFilters(Object(CInlineAction), Array)
#9 C:\xampp\htdocs\webcrm\framework\web\CWebApplication.php(282): CController->run('editGroupCustom...')
#10 C:\xampp\htdocs\webcrm\framework\web\CWebApplication.php(141): CWebApplication->runController('site/editGroupC...')
#11 C:\xampp\htdocs\webcrm\framework\base\CApplication.php(180): CWebApplication->processRequest()
#12 C:\xampp\htdocs\webcrm\app\index.php(13): CApplication->run()
#13 {main}
REQUEST_URI=/webcrm/app/index.php?r=site/editGroupCustomer&id=1
HTTP_REFERER=http://localhost/webcrm/app/
---
2014/07/02 06:59:27 [error] [exception.CException] exception 'CException' with message 'GroupCustomer and its behaviors do not have a method or closure named "fineByPk".' in C:\xampp\htdocs\webcrm\framework\base\CComponent.php:266
Stack trace:
#0 C:\xampp\htdocs\webcrm\framework\db\ar\CActiveRecord.php(227): CComponent->__call('fineByPk', Array)
#1 C:\xampp\htdocs\webcrm\app\protected\controllers\SiteController.php(29): CActiveRecord->__call('fineByPk', Array)
#2 C:\xampp\htdocs\webcrm\app\protected\controllers\SiteController.php(29): GroupCustomer->fineByPk('1')
#3 [internal function]: SiteController->actionEditGroupCustomer('1')
#4 C:\xampp\htdocs\webcrm\framework\web\actions\CAction.php(108): ReflectionMethod->invokeArgs(Object(SiteController), Array)
#5 C:\xampp\htdocs\webcrm\framework\web\actions\CInlineAction.php(47): CAction->runWithParamsInternal(Object(SiteController), Object(ReflectionMethod), Array)
#6 C:\xampp\htdocs\webcrm\framework\web\CController.php(308): CInlineAction->runWithParams(Array)
#7 C:\xampp\htdocs\webcrm\framework\web\CController.php(286): CController->runAction(Object(CInlineAction))
#8 C:\xampp\htdocs\webcrm\framework\web\CController.php(265): CController->runActionWithFilters(Object(CInlineAction), Array)
#9 C:\xampp\htdocs\webcrm\framework\web\CWebApplication.php(282): CController->run('editGroupCustom...')
#10 C:\xampp\htdocs\webcrm\framework\web\CWebApplication.php(141): CWebApplication->runController('site/editGroupC...')
#11 C:\xampp\htdocs\webcrm\framework\base\CApplication.php(180): CWebApplication->processRequest()
#12 C:\xampp\htdocs\webcrm\app\index.php(13): CApplication->run()
#13 {main}
REQUEST_URI=/webcrm/app/index.php?r=site/editGroupCustomer&id=1
HTTP_REFERER=http://localhost/webcrm/app/
---
2014/07/02 06:59:29 [error] [exception.CException] exception 'CException' with message 'GroupCustomer and its behaviors do not have a method or closure named "fineByPk".' in C:\xampp\htdocs\webcrm\framework\base\CComponent.php:266
Stack trace:
#0 C:\xampp\htdocs\webcrm\framework\db\ar\CActiveRecord.php(227): CComponent->__call('fineByPk', Array)
#1 C:\xampp\htdocs\webcrm\app\protected\controllers\SiteController.php(29): CActiveRecord->__call('fineByPk', Array)
#2 C:\xampp\htdocs\webcrm\app\protected\controllers\SiteController.php(29): GroupCustomer->fineByPk('2')
#3 [internal function]: SiteController->actionEditGroupCustomer('2')
#4 C:\xampp\htdocs\webcrm\framework\web\actions\CAction.php(108): ReflectionMethod->invokeArgs(Object(SiteController), Array)
#5 C:\xampp\htdocs\webcrm\framework\web\actions\CInlineAction.php(47): CAction->runWithParamsInternal(Object(SiteController), Object(ReflectionMethod), Array)
#6 C:\xampp\htdocs\webcrm\framework\web\CController.php(308): CInlineAction->runWithParams(Array)
#7 C:\xampp\htdocs\webcrm\framework\web\CController.php(286): CController->runAction(Object(CInlineAction))
#8 C:\xampp\htdocs\webcrm\framework\web\CController.php(265): CController->runActionWithFilters(Object(CInlineAction), Array)
#9 C:\xampp\htdocs\webcrm\framework\web\CWebApplication.php(282): CController->run('editGroupCustom...')
#10 C:\xampp\htdocs\webcrm\framework\web\CWebApplication.php(141): CWebApplication->runController('site/editGroupC...')
#11 C:\xampp\htdocs\webcrm\framework\base\CApplication.php(180): CWebApplication->processRequest()
#12 C:\xampp\htdocs\webcrm\app\index.php(13): CApplication->run()
#13 {main}
REQUEST_URI=/webcrm/app/index.php?r=site/editGroupCustomer&id=2
HTTP_REFERER=http://localhost/webcrm/app/
---
2014/07/02 06:59:29 [error] [exception.CException] exception 'CException' with message 'GroupCustomer and its behaviors do not have a method or closure named "fineByPk".' in C:\xampp\htdocs\webcrm\framework\base\CComponent.php:266
Stack trace:
#0 C:\xampp\htdocs\webcrm\framework\db\ar\CActiveRecord.php(227): CComponent->__call('fineByPk', Array)
#1 C:\xampp\htdocs\webcrm\app\protected\controllers\SiteController.php(29): CActiveRecord->__call('fineByPk', Array)
#2 C:\xampp\htdocs\webcrm\app\protected\controllers\SiteController.php(29): GroupCustomer->fineByPk('3')
#3 [internal function]: SiteController->actionEditGroupCustomer('3')
#4 C:\xampp\htdocs\webcrm\framework\web\actions\CAction.php(108): ReflectionMethod->invokeArgs(Object(SiteController), Array)
#5 C:\xampp\htdocs\webcrm\framework\web\actions\CInlineAction.php(47): CAction->runWithParamsInternal(Object(SiteController), Object(ReflectionMethod), Array)
#6 C:\xampp\htdocs\webcrm\framework\web\CController.php(308): CInlineAction->runWithParams(Array)
#7 C:\xampp\htdocs\webcrm\framework\web\CController.php(286): CController->runAction(Object(CInlineAction))
#8 C:\xampp\htdocs\webcrm\framework\web\CController.php(265): CController->runActionWithFilters(Object(CInlineAction), Array)
#9 C:\xampp\htdocs\webcrm\framework\web\CWebApplication.php(282): CController->run('editGroupCustom...')
#10 C:\xampp\htdocs\webcrm\framework\web\CWebApplication.php(141): CWebApplication->runController('site/editGroupC...')
#11 C:\xampp\htdocs\webcrm\framework\base\CApplication.php(180): CWebApplication->processRequest()
#12 C:\xampp\htdocs\webcrm\app\index.php(13): CApplication->run()
#13 {main}
REQUEST_URI=/webcrm/app/index.php?r=site/editGroupCustomer&id=3
HTTP_REFERER=http://localhost/webcrm/app/
---
2014/07/02 06:59:30 [error] [exception.CException] exception 'CException' with message 'GroupCustomer and its behaviors do not have a method or closure named "fineByPk".' in C:\xampp\htdocs\webcrm\framework\base\CComponent.php:266
Stack trace:
#0 C:\xampp\htdocs\webcrm\framework\db\ar\CActiveRecord.php(227): CComponent->__call('fineByPk', Array)
#1 C:\xampp\htdocs\webcrm\app\protected\controllers\SiteController.php(29): CActiveRecord->__call('fineByPk', Array)
#2 C:\xampp\htdocs\webcrm\app\protected\controllers\SiteController.php(29): GroupCustomer->fineByPk('2')
#3 [internal function]: SiteController->actionEditGroupCustomer('2')
#4 C:\xampp\htdocs\webcrm\framework\web\actions\CAction.php(108): ReflectionMethod->invokeArgs(Object(SiteController), Array)
#5 C:\xampp\htdocs\webcrm\framework\web\actions\CInlineAction.php(47): CAction->runWithParamsInternal(Object(SiteController), Object(ReflectionMethod), Array)
#6 C:\xampp\htdocs\webcrm\framework\web\CController.php(308): CInlineAction->runWithParams(Array)
#7 C:\xampp\htdocs\webcrm\framework\web\CController.php(286): CController->runAction(Object(CInlineAction))
#8 C:\xampp\htdocs\webcrm\framework\web\CController.php(265): CController->runActionWithFilters(Object(CInlineAction), Array)
#9 C:\xampp\htdocs\webcrm\framework\web\CWebApplication.php(282): CController->run('editGroupCustom...')
#10 C:\xampp\htdocs\webcrm\framework\web\CWebApplication.php(141): CWebApplication->runController('site/editGroupC...')
#11 C:\xampp\htdocs\webcrm\framework\base\CApplication.php(180): CWebApplication->processRequest()
#12 C:\xampp\htdocs\webcrm\app\index.php(13): CApplication->run()
#13 {main}
REQUEST_URI=/webcrm/app/index.php?r=site/editGroupCustomer&id=2
HTTP_REFERER=http://localhost/webcrm/app/
---
2014/07/02 06:59:30 [error] [exception.CException] exception 'CException' with message 'GroupCustomer and its behaviors do not have a method or closure named "fineByPk".' in C:\xampp\htdocs\webcrm\framework\base\CComponent.php:266
Stack trace:
#0 C:\xampp\htdocs\webcrm\framework\db\ar\CActiveRecord.php(227): CComponent->__call('fineByPk', Array)
#1 C:\xampp\htdocs\webcrm\app\protected\controllers\SiteController.php(29): CActiveRecord->__call('fineByPk', Array)
#2 C:\xampp\htdocs\webcrm\app\protected\controllers\SiteController.php(29): GroupCustomer->fineByPk('1')
#3 [internal function]: SiteController->actionEditGroupCustomer('1')
#4 C:\xampp\htdocs\webcrm\framework\web\actions\CAction.php(108): ReflectionMethod->invokeArgs(Object(SiteController), Array)
#5 C:\xampp\htdocs\webcrm\framework\web\actions\CInlineAction.php(47): CAction->runWithParamsInternal(Object(SiteController), Object(ReflectionMethod), Array)
#6 C:\xampp\htdocs\webcrm\framework\web\CController.php(308): CInlineAction->runWithParams(Array)
#7 C:\xampp\htdocs\webcrm\framework\web\CController.php(286): CController->runAction(Object(CInlineAction))
#8 C:\xampp\htdocs\webcrm\framework\web\CController.php(265): CController->runActionWithFilters(Object(CInlineAction), Array)
#9 C:\xampp\htdocs\webcrm\framework\web\CWebApplication.php(282): CController->run('editGroupCustom...')
#10 C:\xampp\htdocs\webcrm\framework\web\CWebApplication.php(141): CWebApplication->runController('site/editGroupC...')
#11 C:\xampp\htdocs\webcrm\framework\base\CApplication.php(180): CWebApplication->processRequest()
#12 C:\xampp\htdocs\webcrm\app\index.php(13): CApplication->run()
#13 {main}
REQUEST_URI=/webcrm/app/index.php?r=site/editGroupCustomer&id=1
HTTP_REFERER=http://localhost/webcrm/app/
---
2014/07/02 06:59:30 [error] [exception.CException] exception 'CException' with message 'GroupCustomer and its behaviors do not have a method or closure named "fineByPk".' in C:\xampp\htdocs\webcrm\framework\base\CComponent.php:266
Stack trace:
#0 C:\xampp\htdocs\webcrm\framework\db\ar\CActiveRecord.php(227): CComponent->__call('fineByPk', Array)
#1 C:\xampp\htdocs\webcrm\app\protected\controllers\SiteController.php(29): CActiveRecord->__call('fineByPk', Array)
#2 C:\xampp\htdocs\webcrm\app\protected\controllers\SiteController.php(29): GroupCustomer->fineByPk('1')
#3 [internal function]: SiteController->actionEditGroupCustomer('1')
#4 C:\xampp\htdocs\webcrm\framework\web\actions\CAction.php(108): ReflectionMethod->invokeArgs(Object(SiteController), Array)
#5 C:\xampp\htdocs\webcrm\framework\web\actions\CInlineAction.php(47): CAction->runWithParamsInternal(Object(SiteController), Object(ReflectionMethod), Array)
#6 C:\xampp\htdocs\webcrm\framework\web\CController.php(308): CInlineAction->runWithParams(Array)
#7 C:\xampp\htdocs\webcrm\framework\web\CController.php(286): CController->runAction(Object(CInlineAction))
#8 C:\xampp\htdocs\webcrm\framework\web\CController.php(265): CController->runActionWithFilters(Object(CInlineAction), Array)
#9 C:\xampp\htdocs\webcrm\framework\web\CWebApplication.php(282): CController->run('editGroupCustom...')
#10 C:\xampp\htdocs\webcrm\framework\web\CWebApplication.php(141): CWebApplication->runController('site/editGroupC...')
#11 C:\xampp\htdocs\webcrm\framework\base\CApplication.php(180): CWebApplication->processRequest()
#12 C:\xampp\htdocs\webcrm\app\index.php(13): CApplication->run()
#13 {main}
REQUEST_URI=/webcrm/app/index.php?r=site/editGroupCustomer&id=1
HTTP_REFERER=http://localhost/webcrm/app/
---
2014/07/02 06:59:31 [error] [exception.CException] exception 'CException' with message 'GroupCustomer and its behaviors do not have a method or closure named "fineByPk".' in C:\xampp\htdocs\webcrm\framework\base\CComponent.php:266
Stack trace:
#0 C:\xampp\htdocs\webcrm\framework\db\ar\CActiveRecord.php(227): CComponent->__call('fineByPk', Array)
#1 C:\xampp\htdocs\webcrm\app\protected\controllers\SiteController.php(29): CActiveRecord->__call('fineByPk', Array)
#2 C:\xampp\htdocs\webcrm\app\protected\controllers\SiteController.php(29): GroupCustomer->fineByPk('1')
#3 [internal function]: SiteController->actionEditGroupCustomer('1')
#4 C:\xampp\htdocs\webcrm\framework\web\actions\CAction.php(108): ReflectionMethod->invokeArgs(Object(SiteController), Array)
#5 C:\xampp\htdocs\webcrm\framework\web\actions\CInlineAction.php(47): CAction->runWithParamsInternal(Object(SiteController), Object(ReflectionMethod), Array)
#6 C:\xampp\htdocs\webcrm\framework\web\CController.php(308): CInlineAction->runWithParams(Array)
#7 C:\xampp\htdocs\webcrm\framework\web\CController.php(286): CController->runAction(Object(CInlineAction))
#8 C:\xampp\htdocs\webcrm\framework\web\CController.php(265): CController->runActionWithFilters(Object(CInlineAction), Array)
#9 C:\xampp\htdocs\webcrm\framework\web\CWebApplication.php(282): CController->run('editGroupCustom...')
#10 C:\xampp\htdocs\webcrm\framework\web\CWebApplication.php(141): CWebApplication->runController('site/editGroupC...')
#11 C:\xampp\htdocs\webcrm\framework\base\CApplication.php(180): CWebApplication->processRequest()
#12 C:\xampp\htdocs\webcrm\app\index.php(13): CApplication->run()
#13 {main}
REQUEST_URI=/webcrm/app/index.php?r=site/editGroupCustomer&id=1
HTTP_REFERER=http://localhost/webcrm/app/
---
2014/07/02 06:59:44 [error] [exception.CException] exception 'CException' with message 'GroupCustomer and its behaviors do not have a method or closure named "fineByPk".' in C:\xampp\htdocs\webcrm\framework\base\CComponent.php:266
Stack trace:
#0 C:\xampp\htdocs\webcrm\framework\db\ar\CActiveRecord.php(227): CComponent->__call('fineByPk', Array)
#1 C:\xampp\htdocs\webcrm\app\protected\controllers\SiteController.php(29): CActiveRecord->__call('fineByPk', Array)
#2 C:\xampp\htdocs\webcrm\app\protected\controllers\SiteController.php(29): GroupCustomer->fineByPk('1')
#3 [internal function]: SiteController->actionEditGroupCustomer('1')
#4 C:\xampp\htdocs\webcrm\framework\web\actions\CAction.php(108): ReflectionMethod->invokeArgs(Object(SiteController), Array)
#5 C:\xampp\htdocs\webcrm\framework\web\actions\CInlineAction.php(47): CAction->runWithParamsInternal(Object(SiteController), Object(ReflectionMethod), Array)
#6 C:\xampp\htdocs\webcrm\framework\web\CController.php(308): CInlineAction->runWithParams(Array)
#7 C:\xampp\htdocs\webcrm\framework\web\CController.php(286): CController->runAction(Object(CInlineAction))
#8 C:\xampp\htdocs\webcrm\framework\web\CController.php(265): CController->runActionWithFilters(Object(CInlineAction), Array)
#9 C:\xampp\htdocs\webcrm\framework\web\CWebApplication.php(282): CController->run('editGroupCustom...')
#10 C:\xampp\htdocs\webcrm\framework\web\CWebApplication.php(141): CWebApplication->runController('site/editGroupC...')
#11 C:\xampp\htdocs\webcrm\framework\base\CApplication.php(180): CWebApplication->processRequest()
#12 C:\xampp\htdocs\webcrm\app\index.php(13): CApplication->run()
#13 {main}
REQUEST_URI=/webcrm/app/index.php?r=site/editGroupCustomer&id=1
HTTP_REFERER=http://localhost/webcrm/app/
---
2014/07/02 06:59:44 [error] [exception.CException] exception 'CException' with message 'GroupCustomer and its behaviors do not have a method or closure named "fineByPk".' in C:\xampp\htdocs\webcrm\framework\base\CComponent.php:266
Stack trace:
#0 C:\xampp\htdocs\webcrm\framework\db\ar\CActiveRecord.php(227): CComponent->__call('fineByPk', Array)
#1 C:\xampp\htdocs\webcrm\app\protected\controllers\SiteController.php(29): CActiveRecord->__call('fineByPk', Array)
#2 C:\xampp\htdocs\webcrm\app\protected\controllers\SiteController.php(29): GroupCustomer->fineByPk('2')
#3 [internal function]: SiteController->actionEditGroupCustomer('2')
#4 C:\xampp\htdocs\webcrm\framework\web\actions\CAction.php(108): ReflectionMethod->invokeArgs(Object(SiteController), Array)
#5 C:\xampp\htdocs\webcrm\framework\web\actions\CInlineAction.php(47): CAction->runWithParamsInternal(Object(SiteController), Object(ReflectionMethod), Array)
#6 C:\xampp\htdocs\webcrm\framework\web\CController.php(308): CInlineAction->runWithParams(Array)
#7 C:\xampp\htdocs\webcrm\framework\web\CController.php(286): CController->runAction(Object(CInlineAction))
#8 C:\xampp\htdocs\webcrm\framework\web\CController.php(265): CController->runActionWithFilters(Object(CInlineAction), Array)
#9 C:\xampp\htdocs\webcrm\framework\web\CWebApplication.php(282): CController->run('editGroupCustom...')
#10 C:\xampp\htdocs\webcrm\framework\web\CWebApplication.php(141): CWebApplication->runController('site/editGroupC...')
#11 C:\xampp\htdocs\webcrm\framework\base\CApplication.php(180): CWebApplication->processRequest()
#12 C:\xampp\htdocs\webcrm\app\index.php(13): CApplication->run()
#13 {main}
REQUEST_URI=/webcrm/app/index.php?r=site/editGroupCustomer&id=2
HTTP_REFERER=http://localhost/webcrm/app/
---
2014/07/02 06:59:45 [error] [exception.CException] exception 'CException' with message 'GroupCustomer and its behaviors do not have a method or closure named "fineByPk".' in C:\xampp\htdocs\webcrm\framework\base\CComponent.php:266
Stack trace:
#0 C:\xampp\htdocs\webcrm\framework\db\ar\CActiveRecord.php(227): CComponent->__call('fineByPk', Array)
#1 C:\xampp\htdocs\webcrm\app\protected\controllers\SiteController.php(29): CActiveRecord->__call('fineByPk', Array)
#2 C:\xampp\htdocs\webcrm\app\protected\controllers\SiteController.php(29): GroupCustomer->fineByPk('1')
#3 [internal function]: SiteController->actionEditGroupCustomer('1')
#4 C:\xampp\htdocs\webcrm\framework\web\actions\CAction.php(108): ReflectionMethod->invokeArgs(Object(SiteController), Array)
#5 C:\xampp\htdocs\webcrm\framework\web\actions\CInlineAction.php(47): CAction->runWithParamsInternal(Object(SiteController), Object(ReflectionMethod), Array)
#6 C:\xampp\htdocs\webcrm\framework\web\CController.php(308): CInlineAction->runWithParams(Array)
#7 C:\xampp\htdocs\webcrm\framework\web\CController.php(286): CController->runAction(Object(CInlineAction))
#8 C:\xampp\htdocs\webcrm\framework\web\CController.php(265): CController->runActionWithFilters(Object(CInlineAction), Array)
#9 C:\xampp\htdocs\webcrm\framework\web\CWebApplication.php(282): CController->run('editGroupCustom...')
#10 C:\xampp\htdocs\webcrm\framework\web\CWebApplication.php(141): CWebApplication->runController('site/editGroupC...')
#11 C:\xampp\htdocs\webcrm\framework\base\CApplication.php(180): CWebApplication->processRequest()
#12 C:\xampp\htdocs\webcrm\app\index.php(13): CApplication->run()
#13 {main}
REQUEST_URI=/webcrm/app/index.php?r=site/editGroupCustomer&id=1
HTTP_REFERER=http://localhost/webcrm/app/
---
2014/07/02 06:59:45 [error] [exception.CException] exception 'CException' with message 'GroupCustomer and its behaviors do not have a method or closure named "fineByPk".' in C:\xampp\htdocs\webcrm\framework\base\CComponent.php:266
Stack trace:
#0 C:\xampp\htdocs\webcrm\framework\db\ar\CActiveRecord.php(227): CComponent->__call('fineByPk', Array)
#1 C:\xampp\htdocs\webcrm\app\protected\controllers\SiteController.php(29): CActiveRecord->__call('fineByPk', Array)
#2 C:\xampp\htdocs\webcrm\app\protected\controllers\SiteController.php(29): GroupCustomer->fineByPk('1')
#3 [internal function]: SiteController->actionEditGroupCustomer('1')
#4 C:\xampp\htdocs\webcrm\framework\web\actions\CAction.php(108): ReflectionMethod->invokeArgs(Object(SiteController), Array)
#5 C:\xampp\htdocs\webcrm\framework\web\actions\CInlineAction.php(47): CAction->runWithParamsInternal(Object(SiteController), Object(ReflectionMethod), Array)
#6 C:\xampp\htdocs\webcrm\framework\web\CController.php(308): CInlineAction->runWithParams(Array)
#7 C:\xampp\htdocs\webcrm\framework\web\CController.php(286): CController->runAction(Object(CInlineAction))
#8 C:\xampp\htdocs\webcrm\framework\web\CController.php(265): CController->runActionWithFilters(Object(CInlineAction), Array)
#9 C:\xampp\htdocs\webcrm\framework\web\CWebApplication.php(282): CController->run('editGroupCustom...')
#10 C:\xampp\htdocs\webcrm\framework\web\CWebApplication.php(141): CWebApplication->runController('site/editGroupC...')
#11 C:\xampp\htdocs\webcrm\framework\base\CApplication.php(180): CWebApplication->processRequest()
#12 C:\xampp\htdocs\webcrm\app\index.php(13): CApplication->run()
#13 {main}
REQUEST_URI=/webcrm/app/index.php?r=site/editGroupCustomer&id=1
HTTP_REFERER=http://localhost/webcrm/app/
---
2014/07/02 06:59:46 [error] [exception.CException] exception 'CException' with message 'GroupCustomer and its behaviors do not have a method or closure named "fineByPk".' in C:\xampp\htdocs\webcrm\framework\base\CComponent.php:266
Stack trace:
#0 C:\xampp\htdocs\webcrm\framework\db\ar\CActiveRecord.php(227): CComponent->__call('fineByPk', Array)
#1 C:\xampp\htdocs\webcrm\app\protected\controllers\SiteController.php(29): CActiveRecord->__call('fineByPk', Array)
#2 C:\xampp\htdocs\webcrm\app\protected\controllers\SiteController.php(29): GroupCustomer->fineByPk('2')
#3 [internal function]: SiteController->actionEditGroupCustomer('2')
#4 C:\xampp\htdocs\webcrm\framework\web\actions\CAction.php(108): ReflectionMethod->invokeArgs(Object(SiteController), Array)
#5 C:\xampp\htdocs\webcrm\framework\web\actions\CInlineAction.php(47): CAction->runWithParamsInternal(Object(SiteController), Object(ReflectionMethod), Array)
#6 C:\xampp\htdocs\webcrm\framework\web\CController.php(308): CInlineAction->runWithParams(Array)
#7 C:\xampp\htdocs\webcrm\framework\web\CController.php(286): CController->runAction(Object(CInlineAction))
#8 C:\xampp\htdocs\webcrm\framework\web\CController.php(265): CController->runActionWithFilters(Object(CInlineAction), Array)
#9 C:\xampp\htdocs\webcrm\framework\web\CWebApplication.php(282): CController->run('editGroupCustom...')
#10 C:\xampp\htdocs\webcrm\framework\web\CWebApplication.php(141): CWebApplication->runController('site/editGroupC...')
#11 C:\xampp\htdocs\webcrm\framework\base\CApplication.php(180): CWebApplication->processRequest()
#12 C:\xampp\htdocs\webcrm\app\index.php(13): CApplication->run()
#13 {main}
REQUEST_URI=/webcrm/app/index.php?r=site/editGroupCustomer&id=2
HTTP_REFERER=http://localhost/webcrm/app/
---
2014/07/02 06:59:46 [error] [exception.CException] exception 'CException' with message 'GroupCustomer and its behaviors do not have a method or closure named "fineByPk".' in C:\xampp\htdocs\webcrm\framework\base\CComponent.php:266
Stack trace:
#0 C:\xampp\htdocs\webcrm\framework\db\ar\CActiveRecord.php(227): CComponent->__call('fineByPk', Array)
#1 C:\xampp\htdocs\webcrm\app\protected\controllers\SiteController.php(29): CActiveRecord->__call('fineByPk', Array)
#2 C:\xampp\htdocs\webcrm\app\protected\controllers\SiteController.php(29): GroupCustomer->fineByPk('1')
#3 [internal function]: SiteController->actionEditGroupCustomer('1')
#4 C:\xampp\htdocs\webcrm\framework\web\actions\CAction.php(108): ReflectionMethod->invokeArgs(Object(SiteController), Array)
#5 C:\xampp\htdocs\webcrm\framework\web\actions\CInlineAction.php(47): CAction->runWithParamsInternal(Object(SiteController), Object(ReflectionMethod), Array)
#6 C:\xampp\htdocs\webcrm\framework\web\CController.php(308): CInlineAction->runWithParams(Array)
#7 C:\xampp\htdocs\webcrm\framework\web\CController.php(286): CController->runAction(Object(CInlineAction))
#8 C:\xampp\htdocs\webcrm\framework\web\CController.php(265): CController->runActionWithFilters(Object(CInlineAction), Array)
#9 C:\xampp\htdocs\webcrm\framework\web\CWebApplication.php(282): CController->run('editGroupCustom...')
#10 C:\xampp\htdocs\webcrm\framework\web\CWebApplication.php(141): CWebApplication->runController('site/editGroupC...')
#11 C:\xampp\htdocs\webcrm\framework\base\CApplication.php(180): CWebApplication->processRequest()
#12 C:\xampp\htdocs\webcrm\app\index.php(13): CApplication->run()
#13 {main}
REQUEST_URI=/webcrm/app/index.php?r=site/editGroupCustomer&id=1
HTTP_REFERER=http://localhost/webcrm/app/
---
2014/07/02 06:59:46 [error] [exception.CException] exception 'CException' with message 'GroupCustomer and its behaviors do not have a method or closure named "fineByPk".' in C:\xampp\htdocs\webcrm\framework\base\CComponent.php:266
Stack trace:
#0 C:\xampp\htdocs\webcrm\framework\db\ar\CActiveRecord.php(227): CComponent->__call('fineByPk', Array)
#1 C:\xampp\htdocs\webcrm\app\protected\controllers\SiteController.php(29): CActiveRecord->__call('fineByPk', Array)
#2 C:\xampp\htdocs\webcrm\app\protected\controllers\SiteController.php(29): GroupCustomer->fineByPk('2')
#3 [internal function]: SiteController->actionEditGroupCustomer('2')
#4 C:\xampp\htdocs\webcrm\framework\web\actions\CAction.php(108): ReflectionMethod->invokeArgs(Object(SiteController), Array)
#5 C:\xampp\htdocs\webcrm\framework\web\actions\CInlineAction.php(47): CAction->runWithParamsInternal(Object(SiteController), Object(ReflectionMethod), Array)
#6 C:\xampp\htdocs\webcrm\framework\web\CController.php(308): CInlineAction->runWithParams(Array)
#7 C:\xampp\htdocs\webcrm\framework\web\CController.php(286): CController->runAction(Object(CInlineAction))
#8 C:\xampp\htdocs\webcrm\framework\web\CController.php(265): CController->runActionWithFilters(Object(CInlineAction), Array)
#9 C:\xampp\htdocs\webcrm\framework\web\CWebApplication.php(282): CController->run('editGroupCustom...')
#10 C:\xampp\htdocs\webcrm\framework\web\CWebApplication.php(141): CWebApplication->runController('site/editGroupC...')
#11 C:\xampp\htdocs\webcrm\framework\base\CApplication.php(180): CWebApplication->processRequest()
#12 C:\xampp\htdocs\webcrm\app\index.php(13): CApplication->run()
#13 {main}
REQUEST_URI=/webcrm/app/index.php?r=site/editGroupCustomer&id=2
HTTP_REFERER=http://localhost/webcrm/app/
---
2014/07/02 07:00:25 [error] [exception.CException] exception 'CException' with message 'GroupCustomer and its behaviors do not have a method or closure named "fineByPk".' in C:\xampp\htdocs\webcrm\framework\base\CComponent.php:266
Stack trace:
#0 C:\xampp\htdocs\webcrm\framework\db\ar\CActiveRecord.php(227): CComponent->__call('fineByPk', Array)
#1 C:\xampp\htdocs\webcrm\app\protected\controllers\SiteController.php(28): CActiveRecord->__call('fineByPk', Array)
#2 C:\xampp\htdocs\webcrm\app\protected\controllers\SiteController.php(28): GroupCustomer->fineByPk('1')
#3 [internal function]: SiteController->actionEditGroupCustomer('1')
#4 C:\xampp\htdocs\webcrm\framework\web\actions\CAction.php(108): ReflectionMethod->invokeArgs(Object(SiteController), Array)
#5 C:\xampp\htdocs\webcrm\framework\web\actions\CInlineAction.php(47): CAction->runWithParamsInternal(Object(SiteController), Object(ReflectionMethod), Array)
#6 C:\xampp\htdocs\webcrm\framework\web\CController.php(308): CInlineAction->runWithParams(Array)
#7 C:\xampp\htdocs\webcrm\framework\web\CController.php(286): CController->runAction(Object(CInlineAction))
#8 C:\xampp\htdocs\webcrm\framework\web\CController.php(265): CController->runActionWithFilters(Object(CInlineAction), Array)
#9 C:\xampp\htdocs\webcrm\framework\web\CWebApplication.php(282): CController->run('editGroupCustom...')
#10 C:\xampp\htdocs\webcrm\framework\web\CWebApplication.php(141): CWebApplication->runController('site/editGroupC...')
#11 C:\xampp\htdocs\webcrm\framework\base\CApplication.php(180): CWebApplication->processRequest()
#12 C:\xampp\htdocs\webcrm\app\index.php(13): CApplication->run()
#13 {main}
REQUEST_URI=/webcrm/app/index.php?r=site/editGroupCustomer&id=1
HTTP_REFERER=http://localhost/webcrm/app/
---
2014/07/02 07:00:26 [error] [exception.CException] exception 'CException' with message 'GroupCustomer and its behaviors do not have a method or closure named "fineByPk".' in C:\xampp\htdocs\webcrm\framework\base\CComponent.php:266
Stack trace:
#0 C:\xampp\htdocs\webcrm\framework\db\ar\CActiveRecord.php(227): CComponent->__call('fineByPk', Array)
#1 C:\xampp\htdocs\webcrm\app\protected\controllers\SiteController.php(28): CActiveRecord->__call('fineByPk', Array)
#2 C:\xampp\htdocs\webcrm\app\protected\controllers\SiteController.php(28): GroupCustomer->fineByPk('2')
#3 [internal function]: SiteController->actionEditGroupCustomer('2')
#4 C:\xampp\htdocs\webcrm\framework\web\actions\CAction.php(108): ReflectionMethod->invokeArgs(Object(SiteController), Array)
#5 C:\xampp\htdocs\webcrm\framework\web\actions\CInlineAction.php(47): CAction->runWithParamsInternal(Object(SiteController), Object(ReflectionMethod), Array)
#6 C:\xampp\htdocs\webcrm\framework\web\CController.php(308): CInlineAction->runWithParams(Array)
#7 C:\xampp\htdocs\webcrm\framework\web\CController.php(286): CController->runAction(Object(CInlineAction))
#8 C:\xampp\htdocs\webcrm\framework\web\CController.php(265): CController->runActionWithFilters(Object(CInlineAction), Array)
#9 C:\xampp\htdocs\webcrm\framework\web\CWebApplication.php(282): CController->run('editGroupCustom...')
#10 C:\xampp\htdocs\webcrm\framework\web\CWebApplication.php(141): CWebApplication->runController('site/editGroupC...')
#11 C:\xampp\htdocs\webcrm\framework\base\CApplication.php(180): CWebApplication->processRequest()
#12 C:\xampp\htdocs\webcrm\app\index.php(13): CApplication->run()
#13 {main}
REQUEST_URI=/webcrm/app/index.php?r=site/editGroupCustomer&id=2
HTTP_REFERER=http://localhost/webcrm/app/
---
2014/07/02 07:00:26 [error] [exception.CException] exception 'CException' with message 'GroupCustomer and its behaviors do not have a method or closure named "fineByPk".' in C:\xampp\htdocs\webcrm\framework\base\CComponent.php:266
Stack trace:
#0 C:\xampp\htdocs\webcrm\framework\db\ar\CActiveRecord.php(227): CComponent->__call('fineByPk', Array)
#1 C:\xampp\htdocs\webcrm\app\protected\controllers\SiteController.php(28): CActiveRecord->__call('fineByPk', Array)
#2 C:\xampp\htdocs\webcrm\app\protected\controllers\SiteController.php(28): GroupCustomer->fineByPk('3')
#3 [internal function]: SiteController->actionEditGroupCustomer('3')
#4 C:\xampp\htdocs\webcrm\framework\web\actions\CAction.php(108): ReflectionMethod->invokeArgs(Object(SiteController), Array)
#5 C:\xampp\htdocs\webcrm\framework\web\actions\CInlineAction.php(47): CAction->runWithParamsInternal(Object(SiteController), Object(ReflectionMethod), Array)
#6 C:\xampp\htdocs\webcrm\framework\web\CController.php(308): CInlineAction->runWithParams(Array)
#7 C:\xampp\htdocs\webcrm\framework\web\CController.php(286): CController->runAction(Object(CInlineAction))
#8 C:\xampp\htdocs\webcrm\framework\web\CController.php(265): CController->runActionWithFilters(Object(CInlineAction), Array)
#9 C:\xampp\htdocs\webcrm\framework\web\CWebApplication.php(282): CController->run('editGroupCustom...')
#10 C:\xampp\htdocs\webcrm\framework\web\CWebApplication.php(141): CWebApplication->runController('site/editGroupC...')
#11 C:\xampp\htdocs\webcrm\framework\base\CApplication.php(180): CWebApplication->processRequest()
#12 C:\xampp\htdocs\webcrm\app\index.php(13): CApplication->run()
#13 {main}
REQUEST_URI=/webcrm/app/index.php?r=site/editGroupCustomer&id=3
HTTP_REFERER=http://localhost/webcrm/app/
---
2014/07/02 07:00:27 [error] [exception.CException] exception 'CException' with message 'GroupCustomer and its behaviors do not have a method or closure named "fineByPk".' in C:\xampp\htdocs\webcrm\framework\base\CComponent.php:266
Stack trace:
#0 C:\xampp\htdocs\webcrm\framework\db\ar\CActiveRecord.php(227): CComponent->__call('fineByPk', Array)
#1 C:\xampp\htdocs\webcrm\app\protected\controllers\SiteController.php(28): CActiveRecord->__call('fineByPk', Array)
#2 C:\xampp\htdocs\webcrm\app\protected\controllers\SiteController.php(28): GroupCustomer->fineByPk('4')
#3 [internal function]: SiteController->actionEditGroupCustomer('4')
#4 C:\xampp\htdocs\webcrm\framework\web\actions\CAction.php(108): ReflectionMethod->invokeArgs(Object(SiteController), Array)
#5 C:\xampp\htdocs\webcrm\framework\web\actions\CInlineAction.php(47): CAction->runWithParamsInternal(Object(SiteController), Object(ReflectionMethod), Array)
#6 C:\xampp\htdocs\webcrm\framework\web\CController.php(308): CInlineAction->runWithParams(Array)
#7 C:\xampp\htdocs\webcrm\framework\web\CController.php(286): CController->runAction(Object(CInlineAction))
#8 C:\xampp\htdocs\webcrm\framework\web\CController.php(265): CController->runActionWithFilters(Object(CInlineAction), Array)
#9 C:\xampp\htdocs\webcrm\framework\web\CWebApplication.php(282): CController->run('editGroupCustom...')
#10 C:\xampp\htdocs\webcrm\framework\web\CWebApplication.php(141): CWebApplication->runController('site/editGroupC...')
#11 C:\xampp\htdocs\webcrm\framework\base\CApplication.php(180): CWebApplication->processRequest()
#12 C:\xampp\htdocs\webcrm\app\index.php(13): CApplication->run()
#13 {main}
REQUEST_URI=/webcrm/app/index.php?r=site/editGroupCustomer&id=4
HTTP_REFERER=http://localhost/webcrm/app/
---
